<?xml version="1.0" encoding="UTF-8"?>
<!-- Generated by org.testng.reporters.JUnitReportReporter -->
<testsuite hostname="LAPTOP-EA9TV5CO" failures="0" tests="3" name="extentReportExample.ExtentReportExample" time="1.855" errors="0" timestamp="2024-01-31T21:47:32 IST" skipped="0">
  <testcase classname="extentReportExample.ExtentReportExample" name="openWikipedia" time="0.466"/>
  <testcase classname="extentReportExample.ExtentReportExample" name="openBing" time="0.350"/>
  <testcase classname="extentReportExample.ExtentReportExample" name="openGoogle" time="1.039"/>
</testsuite> <!-- extentReportExample.ExtentReportExample -->
